sample-app-kotlin+push-notification/build/intermediates/manifest_merge_blame_file/debug/processDebugMainManifest/manifest-merger-blame-debug-report.txt
1<?xml version="1.0" encoding="utf-8"?>
2<manifest xmlns:android="http://schemas.android.com/apk/res/android"
3    package="com.cometchat.sampleapp.kotlin.fcm"
4    android:versionCode="1"
5    android:versionName="5.2.3" >
6
7    <uses-sdk
8        android:minSdkVersion="26"
9        android:targetSdkVersion="35" />
10
11    <uses-permission android:name="android.permission.INTERNET" />
11-->src/main/AndroidManifest.xml:5:5-67
11-->src/main/AndroidManifest.xml:5:22-64
12    <uses-permission
12-->src/main/AndroidManifest.xml:6:5-8:38
13        android:name="android.permission.READ_EXTERNAL_STORAGE"
13-->src/main/AndroidManifest.xml:7:9-64
14        android:maxSdkVersion="32" />
14-->src/main/AndroidManifest.xml:8:9-35
15    <uses-permission android:name="android.permission.READ_MEDIA_IMAGES" />
15-->src/main/AndroidManifest.xml:9:5-76
15-->src/main/AndroidManifest.xml:9:22-73
16    <uses-permission android:name="android.permission.READ_MEDIA_VIDEO" />
16-->src/main/AndroidManifest.xml:10:5-75
16-->src/main/AndroidManifest.xml:10:22-72
17    <uses-permission android:name="android.permission.POST_NOTIFICATIONS" />
17-->src/main/AndroidManifest.xml:11:5-77
17-->src/main/AndroidManifest.xml:11:22-74
18
19    <!-- VoIP -->
20    <uses-permission android:name="android.permission.ACCESS_NETWORK_STATE" />
20-->src/main/AndroidManifest.xml:14:5-79
20-->src/main/AndroidManifest.xml:14:22-76
21    <uses-permission android:name="android.permission.READ_PHONE_STATE" />
21-->src/main/AndroidManifest.xml:15:5-75
21-->src/main/AndroidManifest.xml:15:22-72
22    <uses-permission android:name="android.permission.RECORD_AUDIO" />
22-->src/main/AndroidManifest.xml:16:5-71
22-->src/main/AndroidManifest.xml:16:22-68
23    <uses-permission android:name="android.permission.CALL_PHONE" />
23-->src/main/AndroidManifest.xml:17:5-69
23-->src/main/AndroidManifest.xml:17:22-66
24    <uses-permission android:name="android.permission.MANAGE_OWN_CALLS" />
24-->src/main/AndroidManifest.xml:18:5-75
24-->src/main/AndroidManifest.xml:18:22-72
25    <uses-permission android:name="android.permission.WAKE_LOCK" />
25-->src/main/AndroidManifest.xml:19:5-68
25-->src/main/AndroidManifest.xml:19:22-65
26    <uses-permission android:name="android.permission.ANSWER_PHONE_CALLS" />
26-->src/main/AndroidManifest.xml:20:5-77
26-->src/main/AndroidManifest.xml:20:22-74
27
28    <uses-feature
28-->src/main/AndroidManifest.xml:22:5-24:36
29        android:name="android.hardware.sensor.proximity"
29-->src/main/AndroidManifest.xml:23:9-57
30        android:required="false" />
30-->src/main/AndroidManifest.xml:24:9-33
31    <uses-feature
31-->src/main/AndroidManifest.xml:25:5-27:36
32        android:name="android.hardware.telephony"
32-->src/main/AndroidManifest.xml:26:9-50
33        android:required="false" />
33-->src/main/AndroidManifest.xml:27:9-33
34
35    <uses-permission android:name="android.permission.CAMERA" />
35-->[:chatuikit] AndroidManifest.xml:10:5-65
35-->[:chatuikit] AndroidManifest.xml:10:22-62
36    <uses-permission android:name="android.permission.MODIFY_AUDIO_SETTINGS" />
36-->[:chatuikit] AndroidManifest.xml:12:5-80
36-->[:chatuikit] AndroidManifest.xml:12:22-77
37    <uses-permission
37-->[:chatuikit] AndroidManifest.xml:13:5-15:38
38        android:name="android.permission.WRITE_EXTERNAL_STORAGE"
38-->[:chatuikit] AndroidManifest.xml:14:9-65
39        android:maxSdkVersion="32" />
39-->[:chatuikit] AndroidManifest.xml:15:9-35
40    <uses-permission android:name="android.permission.VIBRATE" />
40-->[:chatuikit] AndroidManifest.xml:19:5-66
40-->[:chatuikit] AndroidManifest.xml:19:22-63
41
42    <queries>
42-->[:chatuikit] AndroidManifest.xml:21:5-35:15
43        <intent>
43-->[:chatuikit] AndroidManifest.xml:22:9-26:18
44            <action android:name="android.intent.action.GET_CONTENT" />
44-->[:chatuikit] AndroidManifest.xml:23:13-72
44-->[:chatuikit] AndroidManifest.xml:23:21-69
45
46            <data android:mimeType="image/* video/*" />
46-->[:chatuikit] AndroidManifest.xml:25:13-56
46-->[:chatuikit] AndroidManifest.xml:25:19-53
47        </intent>
48        <intent>
48-->[:chatuikit] AndroidManifest.xml:27:9-31:18
49            <action android:name="android.intent.action.PICK" />
49-->[:chatuikit] AndroidManifest.xml:28:13-65
49-->[:chatuikit] AndroidManifest.xml:28:21-62
50
51            <data android:mimeType="image/* video/*" />
51-->[:chatuikit] AndroidManifest.xml:25:13-56
51-->[:chatuikit] AndroidManifest.xml:25:19-53
52        </intent>
53        <intent>
53-->[:chatuikit] AndroidManifest.xml:32:9-34:18
54            <action android:name="android.intent.action.CHOOSER" />
54-->[:chatuikit] AndroidManifest.xml:33:13-68
54-->[:chatuikit] AndroidManifest.xml:33:21-65
55        </intent>
56    </queries>
57
58    <uses-permission android:name="android.permission.BLUETOOTH" />
58-->[com.cometchat:calls-sdk-android:4.3.1] AndroidManifest.xml:11:5-68
58-->[com.cometchat:calls-sdk-android:4.3.1] AndroidManifest.xml:11:22-65
59    <uses-permission android:name="android.permission.BLUETOOTH_CONNECT" />
59-->[com.cometchat:calls-sdk-android:4.3.1] AndroidManifest.xml:12:5-76
59-->[com.cometchat:calls-sdk-android:4.3.1] AndroidManifest.xml:12:22-73
60    <uses-permission android:name="android.permission.BLUETOOTH_CONNECT" />
60-->[com.cometchat:calls-sdk-android:4.3.1] AndroidManifest.xml:12:5-76
60-->[com.cometchat:calls-sdk-android:4.3.1] AndroidManifest.xml:12:22-73
61    <uses-permission android:name="android.permission.SYSTEM_ALERT_WINDOW" />
61-->[com.cometchat:calls-sdk-android:4.3.1] AndroidManifest.xml:19:5-78
61-->[com.cometchat:calls-sdk-android:4.3.1] AndroidManifest.xml:19:22-75
62    <uses-permission android:name="android.permission.ACCESS_WIFI_STATE" />
62-->[com.cometchat:calls-sdk-android:4.3.1] AndroidManifest.xml:21:5-76
62-->[com.cometchat:calls-sdk-android:4.3.1] AndroidManifest.xml:21:22-73
63    <uses-permission android:name="android.permission.FOREGROUND_SERVICE" />
63-->[com.cometchat:calls-sdk-android:4.3.1] AndroidManifest.xml:22:5-77
63-->[com.cometchat:calls-sdk-android:4.3.1] AndroidManifest.xml:22:22-74
64
65    <uses-feature
65-->[com.cometchat:calls-sdk-android:4.3.1] AndroidManifest.xml:24:5-26:35
66        android:glEsVersion="0x00020000"
66-->[com.cometchat:calls-sdk-android:4.3.1] AndroidManifest.xml:25:9-41
67        android:required="true" /> <!-- Required by older versions of Google Play services to create IID tokens -->
67-->[com.cometchat:calls-sdk-android:4.3.1] AndroidManifest.xml:26:9-32
68    <uses-permission android:name="com.google.android.c2dm.permission.RECEIVE" />
68-->[com.google.firebase:firebase-messaging:24.0.3] AndroidManifest.xml:26:5-82
68-->[com.google.firebase:firebase-messaging:24.0.3] AndroidManifest.xml:26:22-79
69    <uses-permission android:name="com.google.android.providers.gsf.permission.READ_GSERVICES" />
69-->[com.google.android.recaptcha:recaptcha:18.5.1] AndroidManifest.xml:9:5-98
69-->[com.google.android.recaptcha:recaptcha:18.5.1] AndroidManifest.xml:9:22-95
70
71    <permission
71-->[androidx.core:core:1.15.0] AndroidManifest.xml:22:5-24:47
72        android:name="com.cometchat.sampleapp.kotlin.fcm.DYNAMIC_RECEIVER_NOT_EXPORTED_PERMISSION"
72-->[androidx.core:core:1.15.0] AndroidManifest.xml:23:9-81
73        android:protectionLevel="signature" />
73-->[androidx.core:core:1.15.0] AndroidManifest.xml:24:9-44
74
75    <uses-permission android:name="com.cometchat.sampleapp.kotlin.fcm.DYNAMIC_RECEIVER_NOT_EXPORTED_PERMISSION" />
75-->[androidx.core:core:1.15.0] AndroidManifest.xml:26:5-97
75-->[androidx.core:core:1.15.0] AndroidManifest.xml:26:22-94
76
77    <application
77-->src/main/AndroidManifest.xml:29:5-117:19
78        android:name="com.cometchat.sampleapp.kotlin.fcm.utils.MyApplication"
78-->src/main/AndroidManifest.xml:30:9-44
79        android:allowBackup="true"
79-->src/main/AndroidManifest.xml:31:9-35
80        android:appComponentFactory="androidx.core.app.CoreComponentFactory"
80-->[androidx.core:core:1.15.0] AndroidManifest.xml:28:18-86
81        android:debuggable="true"
82        android:exported="true"
82-->[com.cometchat:calls-sdk-android:4.3.1] AndroidManifest.xml:29:9-32
83        android:extractNativeLibs="false"
84        android:hardwareAccelerated="true"
84-->[:chatuikit] AndroidManifest.xml:38:9-43
85        android:icon="@mipmap/ic_launcher"
85-->src/main/AndroidManifest.xml:32:9-43
86        android:label="@string/app_name"
86-->src/main/AndroidManifest.xml:33:9-41
87        android:localeConfig="@xml/cometchat_locale_config"
87-->src/main/AndroidManifest.xml:34:9-60
88        android:requestLegacyExternalStorage="true"
88-->[:chatuikit] AndroidManifest.xml:39:9-52
89        android:roundIcon="@mipmap/ic_launcher_round"
89-->src/main/AndroidManifest.xml:35:9-54
90        android:supportsRtl="true"
90-->src/main/AndroidManifest.xml:36:9-35
91        android:testOnly="true"
92        android:theme="@style/KotlinSampleApp.v5" >
92-->src/main/AndroidManifest.xml:37:9-50
93        <activity
93-->src/main/AndroidManifest.xml:39:9-41:40
94            android:name="com.cometchat.sampleapp.kotlin.fcm.ui.activity.SearchActivity"
94-->src/main/AndroidManifest.xml:40:13-55
95            android:exported="false" />
95-->src/main/AndroidManifest.xml:41:13-37
96        <activity
96-->src/main/AndroidManifest.xml:42:9-44:40
97            android:name="com.cometchat.sampleapp.kotlin.fcm.ai.AIAssistantUsersActivity"
97-->src/main/AndroidManifest.xml:43:13-56
98            android:exported="false" />
98-->src/main/AndroidManifest.xml:44:13-37
99        <activity
99-->src/main/AndroidManifest.xml:45:9-47:40
100            android:name="com.cometchat.sampleapp.kotlin.fcm.ui.activity.NewChatActivity"
100-->src/main/AndroidManifest.xml:46:13-56
101            android:exported="false" />
101-->src/main/AndroidManifest.xml:47:13-37
102        <activity
102-->src/main/AndroidManifest.xml:48:9-50:40
103            android:name="com.cometchat.sampleapp.kotlin.fcm.ui.activity.AppCredentialsActivity"
103-->src/main/AndroidManifest.xml:49:13-63
104            android:exported="false" />
104-->src/main/AndroidManifest.xml:50:13-37
105        <activity
105-->src/main/AndroidManifest.xml:51:9-59:20
106            android:name="com.cometchat.sampleapp.kotlin.fcm.ui.activity.SplashActivity"
106-->src/main/AndroidManifest.xml:52:13-55
107            android:exported="true" >
107-->src/main/AndroidManifest.xml:53:13-36
108            <intent-filter>
108-->src/main/AndroidManifest.xml:54:13-58:29
109                <action android:name="android.intent.action.MAIN" />
109-->src/main/AndroidManifest.xml:55:17-69
109-->src/main/AndroidManifest.xml:55:25-66
110
111                <category android:name="android.intent.category.LAUNCHER" />
111-->src/main/AndroidManifest.xml:57:17-77
111-->src/main/AndroidManifest.xml:57:27-74
112            </intent-filter>
113        </activity>
114        <activity
114-->src/main/AndroidManifest.xml:60:9-62:40
115            android:name="com.cometchat.sampleapp.kotlin.fcm.ui.activity.ThreadMessageActivity"
115-->src/main/AndroidManifest.xml:61:13-62
116            android:exported="false" />
116-->src/main/AndroidManifest.xml:62:13-37
117        <activity
117-->src/main/AndroidManifest.xml:64:9-67:58
118            android:name="com.cometchat.sampleapp.kotlin.fcm.ui.activity.LoginActivity"
118-->src/main/AndroidManifest.xml:65:13-54
119            android:exported="false"
119-->src/main/AndroidManifest.xml:66:13-37
120            android:windowSoftInputMode="adjustResize" />
120-->src/main/AndroidManifest.xml:67:13-55
121        <activity
121-->src/main/AndroidManifest.xml:68:9-71:59
122            android:name="com.cometchat.sampleapp.kotlin.fcm.ui.activity.HomeActivity"
122-->src/main/AndroidManifest.xml:69:13-53
123            android:exported="false"
123-->src/main/AndroidManifest.xml:70:13-37
124            android:windowSoftInputMode="adjustNothing" />
124-->src/main/AndroidManifest.xml:71:13-56
125        <activity
125-->src/main/AndroidManifest.xml:72:9-77:15
126            android:name="com.cometchat.sampleapp.kotlin.fcm.ui.activity.MessagesActivity"
126-->src/main/AndroidManifest.xml:73:13-57
127            android:configChanges="screenSize|orientation|keyboardHidden"
127-->src/main/AndroidManifest.xml:76:13-74
128            android:exported="false"
128-->src/main/AndroidManifest.xml:74:13-37
129            android:windowSoftInputMode="adjustResize" />
129-->src/main/AndroidManifest.xml:75:13-55
130        <activity
130-->src/main/AndroidManifest.xml:78:9-83:15
131            android:name="com.cometchat.sampleapp.kotlin.fcm.ai.AIAssistantChatActivity"
131-->src/main/AndroidManifest.xml:79:13-55
132            android:configChanges="screenSize|orientation|keyboardHidden"
132-->src/main/AndroidManifest.xml:82:13-74
133            android:exported="false"
133-->src/main/AndroidManifest.xml:80:13-37
134            android:windowSoftInputMode="adjustResize" />
134-->src/main/AndroidManifest.xml:81:13-55
135        <activity
135-->src/main/AndroidManifest.xml:85:9-87:40
136            android:name="com.cometchat.sampleapp.kotlin.fcm.ui.activity.GroupDetailsActivity"
136-->src/main/AndroidManifest.xml:86:13-61
137            android:exported="false" />
137-->src/main/AndroidManifest.xml:87:13-37
138        <activity
138-->src/main/AndroidManifest.xml:88:9-90:40
139            android:name="com.cometchat.sampleapp.kotlin.fcm.ui.activity.CallDetailsActivity"
139-->src/main/AndroidManifest.xml:89:13-60
140            android:exported="false" />
140-->src/main/AndroidManifest.xml:90:13-37
141        <activity
141-->src/main/AndroidManifest.xml:91:9-93:40
142            android:name="com.cometchat.sampleapp.kotlin.fcm.ui.activity.UserDetailsActivity"
142-->src/main/AndroidManifest.xml:92:13-60
143            android:exported="false" />
143-->src/main/AndroidManifest.xml:93:13-37
144
145        <service
145-->src/main/AndroidManifest.xml:95:9-101:19
146            android:name="com.cometchat.sampleapp.kotlin.fcm.fcm.FCMService"
146-->src/main/AndroidManifest.xml:96:13-43
147            android:exported="false" >
147-->src/main/AndroidManifest.xml:97:13-37
148            <intent-filter>
148-->src/main/AndroidManifest.xml:98:13-100:29
149                <action android:name="com.google.firebase.MESSAGING_EVENT" />
149-->src/main/AndroidManifest.xml:99:17-78
149-->src/main/AndroidManifest.xml:99:25-75
150            </intent-filter>
151        </service>
152
153        <receiver android:name="com.cometchat.sampleapp.kotlin.fcm.fcm.FCMMessageBroadcastReceiver" />
153-->src/main/AndroidManifest.xml:103:9-69
153-->src/main/AndroidManifest.xml:103:19-66
154
155        <meta-data
155-->src/main/AndroidManifest.xml:105:9-107:69
156            android:name="com.google.android.gms.version"
156-->src/main/AndroidManifest.xml:106:13-58
157            android:value="@integer/google_play_services_version" />
157-->src/main/AndroidManifest.xml:107:13-66
158
159        <service
159-->src/main/AndroidManifest.xml:109:9-116:19
160            android:name="com.cometchat.sampleapp.kotlin.fcm.voip.CometChatVoIPConnectionService"
160-->src/main/AndroidManifest.xml:110:13-64
161            android:exported="true"
161-->src/main/AndroidManifest.xml:111:13-36
162            android:permission="android.permission.BIND_TELECOM_CONNECTION_SERVICE" >
162-->src/main/AndroidManifest.xml:112:13-84
163            <intent-filter>
163-->src/main/AndroidManifest.xml:113:13-115:29
164                <action android:name="android.telecom.ConnectionService" />
164-->src/main/AndroidManifest.xml:114:17-76
164-->src/main/AndroidManifest.xml:114:25-73
165            </intent-filter>
166        </service>
167
168        <activity
168-->[:chatuikit] AndroidManifest.xml:42:9-45:72
169            android:name="com.cometchat.chatuikit.shared.views.mediaviewer.CometChatImageViewerActivity"
169-->[:chatuikit] AndroidManifest.xml:43:13-105
170            android:exported="false"
170-->[:chatuikit] AndroidManifest.xml:44:13-37
171            android:theme="@style/UiKit.Internal.Theme.Transparent2" />
171-->[:chatuikit] AndroidManifest.xml:45:13-69
172        <activity
172-->[:chatuikit] AndroidManifest.xml:46:9-48:71
173            android:name="com.cometchat.chatuikit.shared.permission.CometChatPermissionActivity"
173-->[:chatuikit] AndroidManifest.xml:47:13-97
174            android:theme="@style/UiKit.Internal.Theme.Transparent" />
174-->[:chatuikit] AndroidManifest.xml:48:13-68
175        <activity
175-->[:chatuikit] AndroidManifest.xml:49:9-53:55
176            android:name="com.cometchat.chatuikit.calls.CometChatCallActivity"
176-->[:chatuikit] AndroidManifest.xml:50:13-79
177            android:configChanges="screenSize|smallestScreenSize|screenLayout"
177-->[:chatuikit] AndroidManifest.xml:51:13-79
178            android:screenOrientation="portrait"
178-->[:chatuikit] AndroidManifest.xml:52:13-49
179            android:supportsPictureInPicture="true" />
179-->[:chatuikit] AndroidManifest.xml:53:13-52
180        <activity
180-->[:chatuikit] AndroidManifest.xml:54:9-56:40
181            android:name="com.cometchat.chatuikit.extensions.collaborative.CometChatWebViewActivity"
181-->[:chatuikit] AndroidManifest.xml:55:13-101
182            android:exported="false" />
182-->[:chatuikit] AndroidManifest.xml:56:13-37
183        <activity
183-->[:chatuikit] AndroidManifest.xml:57:9-63:55
184            android:name="com.cometchat.chatuikit.calls.CometChatOngoingCallActivity"
184-->[:chatuikit] AndroidManifest.xml:58:13-86
185            android:configChanges="screenSize|smallestScreenSize|screenLayout"
185-->[:chatuikit] AndroidManifest.xml:59:13-79
186            android:excludeFromRecents="true"
186-->[:chatuikit] AndroidManifest.xml:60:13-46
187            android:exported="false"
187-->[:chatuikit] AndroidManifest.xml:61:13-37
188            android:screenOrientation="portrait"
188-->[:chatuikit] AndroidManifest.xml:62:13-49
189            android:supportsPictureInPicture="true" />
189-->[:chatuikit] AndroidManifest.xml:63:13-52
190
191        <meta-data
191-->[:chatuikit] AndroidManifest.xml:65:9-67:48
192            android:name="com.cometchat.chatuikit"
192-->[:chatuikit] AndroidManifest.xml:66:13-51
193            android:value="com.cometchat.sampleapp.kotlin.fcm" />
193-->[:chatuikit] AndroidManifest.xml:67:13-45
194
195        <provider
195-->[:chatuikit] AndroidManifest.xml:69:9-77:20
196            android:name="androidx.core.content.FileProvider"
196-->[:chatuikit] AndroidManifest.xml:70:13-62
197            android:authorities="com.cometchat.sampleapp.kotlin.fcm.provider"
197-->[:chatuikit] AndroidManifest.xml:71:13-60
198            android:exported="false"
198-->[:chatuikit] AndroidManifest.xml:72:13-37
199            android:grantUriPermissions="true" >
199-->[:chatuikit] AndroidManifest.xml:73:13-47
200            <meta-data
200-->[:chatuikit] AndroidManifest.xml:74:13-76:57
201                android:name="android.support.FILE_PROVIDER_PATHS"
201-->[:chatuikit] AndroidManifest.xml:75:17-67
202                android:resource="@xml/provider_path" />
202-->[:chatuikit] AndroidManifest.xml:76:17-54
203        </provider>
204
205        <activity
205-->[com.cometchat:calls-sdk-android:4.3.1] AndroidManifest.xml:32:9-34:40
206            android:name="com.cometchat.calls.CallScreenActivity"
206-->[com.cometchat:calls-sdk-android:4.3.1] AndroidManifest.xml:33:13-66
207            android:exported="false" />
207-->[com.cometchat:calls-sdk-android:4.3.1] AndroidManifest.xml:34:13-37
208
209        <service
209-->[com.facebook.react:react-native-webrtc:124.0.4-cometchat-21164567] AndroidManifest.xml:9:9-12:19
210            android:name="com.oney.WebRTCModule.MediaProjectionService"
210-->[com.facebook.react:react-native-webrtc:124.0.4-cometchat-21164567] AndroidManifest.xml:10:13-72
211            android:foregroundServiceType="mediaProjection" >
211-->[com.facebook.react:react-native-webrtc:124.0.4-cometchat-21164567] AndroidManifest.xml:11:13-60
212        </service>
213
214        <activity
214-->[com.facebook.react:react-android:0.77.2] AndroidManifest.xml:19:9-21:40
215            android:name="com.facebook.react.devsupport.DevSettingsActivity"
215-->[com.facebook.react:react-android:0.77.2] AndroidManifest.xml:20:13-77
216            android:exported="false" />
216-->[com.facebook.react:react-android:0.77.2] AndroidManifest.xml:21:13-37
217        <activity
217-->[com.google.firebase:firebase-auth:23.1.0] AndroidManifest.xml:29:9-46:20
218            android:name="com.google.firebase.auth.internal.GenericIdpActivity"
218-->[com.google.firebase:firebase-auth:23.1.0] AndroidManifest.xml:30:13-80
219            android:excludeFromRecents="true"
219-->[com.google.firebase:firebase-auth:23.1.0] AndroidManifest.xml:31:13-46
220            android:exported="true"
220-->[com.google.firebase:firebase-auth:23.1.0] AndroidManifest.xml:32:13-36
221            android:launchMode="singleTask"
221-->[com.google.firebase:firebase-auth:23.1.0] AndroidManifest.xml:33:13-44
222            android:theme="@android:style/Theme.Translucent.NoTitleBar" >
222-->[com.google.firebase:firebase-auth:23.1.0] AndroidManifest.xml:34:13-72
223            <intent-filter>
223-->[com.google.firebase:firebase-auth:23.1.0] AndroidManifest.xml:35:13-45:29
224                <action android:name="android.intent.action.VIEW" />
224-->[com.google.firebase:firebase-auth:23.1.0] AndroidManifest.xml:36:17-69
224-->[com.google.firebase:firebase-auth:23.1.0] AndroidManifest.xml:36:25-66
225
226                <category android:name="android.intent.category.DEFAULT" />
226-->[com.google.firebase:firebase-auth:23.1.0] AndroidManifest.xml:38:17-76
226-->[com.google.firebase:firebase-auth:23.1.0] AndroidManifest.xml:38:27-73
227                <category android:name="android.intent.category.BROWSABLE" />
227-->[com.google.firebase:firebase-auth:23.1.0] AndroidManifest.xml:39:17-78
227-->[com.google.firebase:firebase-auth:23.1.0] AndroidManifest.xml:39:27-75
228
229                <data
229-->[:chatuikit] AndroidManifest.xml:25:13-56
230                    android:host="firebase.auth"
231                    android:path="/"
232                    android:scheme="genericidp" />
233            </intent-filter>
234        </activity>
235        <activity
235-->[com.google.firebase:firebase-auth:23.1.0] AndroidManifest.xml:47:9-64:20
236            android:name="com.google.firebase.auth.internal.RecaptchaActivity"
236-->[com.google.firebase:firebase-auth:23.1.0] AndroidManifest.xml:48:13-79
237            android:excludeFromRecents="true"
237-->[com.google.firebase:firebase-auth:23.1.0] AndroidManifest.xml:49:13-46
238            android:exported="true"
238-->[com.google.firebase:firebase-auth:23.1.0] AndroidManifest.xml:50:13-36
239            android:launchMode="singleTask"
239-->[com.google.firebase:firebase-auth:23.1.0] AndroidManifest.xml:51:13-44
240            android:theme="@android:style/Theme.Translucent.NoTitleBar" >
240-->[com.google.firebase:firebase-auth:23.1.0] AndroidManifest.xml:52:13-72
241            <intent-filter>
241-->[com.google.firebase:firebase-auth:23.1.0] AndroidManifest.xml:53:13-63:29
242                <action android:name="android.intent.action.VIEW" />
242-->[com.google.firebase:firebase-auth:23.1.0] AndroidManifest.xml:36:17-69
242-->[com.google.firebase:firebase-auth:23.1.0] AndroidManifest.xml:36:25-66
243
244                <category android:name="android.intent.category.DEFAULT" />
244-->[com.google.firebase:firebase-auth:23.1.0] AndroidManifest.xml:38:17-76
244-->[com.google.firebase:firebase-auth:23.1.0] AndroidManifest.xml:38:27-73
245                <category android:name="android.intent.category.BROWSABLE" />
245-->[com.google.firebase:firebase-auth:23.1.0] AndroidManifest.xml:39:17-78
245-->[com.google.firebase:firebase-auth:23.1.0] AndroidManifest.xml:39:27-75
246
247                <data
247-->[:chatuikit] AndroidManifest.xml:25:13-56
248                    android:host="firebase.auth"
249                    android:path="/"
250                    android:scheme="recaptcha" />
251            </intent-filter>
252        </activity>
253
254        <service
254-->[com.google.firebase:firebase-auth:23.1.0] AndroidManifest.xml:66:9-72:19
255            android:name="com.google.firebase.components.ComponentDiscoveryService"
255-->[com.google.firebase:firebase-auth:23.1.0] AndroidManifest.xml:67:13-84
256            android:directBootAware="true"
256-->[com.google.firebase:firebase-common:21.0.0] AndroidManifest.xml:32:13-43
257            android:exported="false" >
257-->[com.google.firebase:firebase-auth:23.1.0] AndroidManifest.xml:68:13-37
258            <meta-data
258-->[com.google.firebase:firebase-auth:23.1.0] AndroidManifest.xml:69:13-71:85
259                android:name="com.google.firebase.components:com.google.firebase.auth.FirebaseAuthRegistrar"
259-->[com.google.firebase:firebase-auth:23.1.0] AndroidManifest.xml:70:17-109
260                android:value="com.google.firebase.components.ComponentRegistrar" />
260-->[com.google.firebase:firebase-auth:23.1.0] AndroidManifest.xml:71:17-82
261            <meta-data
261-->[com.google.firebase:firebase-messaging:24.0.3] AndroidManifest.xml:57:13-59:85
262                android:name="com.google.firebase.components:com.google.firebase.messaging.FirebaseMessagingKtxRegistrar"
262-->[com.google.firebase:firebase-messaging:24.0.3] AndroidManifest.xml:58:17-122
263                android:value="com.google.firebase.components.ComponentRegistrar" />
263-->[com.google.firebase:firebase-messaging:24.0.3] AndroidManifest.xml:59:17-82
264            <meta-data
264-->[com.google.firebase:firebase-messaging:24.0.3] AndroidManifest.xml:60:13-62:85
265                android:name="com.google.firebase.components:com.google.firebase.messaging.FirebaseMessagingRegistrar"
265-->[com.google.firebase:firebase-messaging:24.0.3] AndroidManifest.xml:61:17-119
266                android:value="com.google.firebase.components.ComponentRegistrar" />
266-->[com.google.firebase:firebase-messaging:24.0.3] AndroidManifest.xml:62:17-82
267            <meta-data
267-->[com.google.firebase:firebase-installations:18.0.0] AndroidManifest.xml:15:13-17:85
268                android:name="com.google.firebase.components:com.google.firebase.installations.FirebaseInstallationsKtxRegistrar"
268-->[com.google.firebase:firebase-installations:18.0.0] AndroidManifest.xml:16:17-130
269                android:value="com.google.firebase.components.ComponentRegistrar" />
269-->[com.google.firebase:firebase-installations:18.0.0] AndroidManifest.xml:17:17-82
270            <meta-data
270-->[com.google.firebase:firebase-installations:18.0.0] AndroidManifest.xml:18:13-20:85
271                android:name="com.google.firebase.components:com.google.firebase.installations.FirebaseInstallationsRegistrar"
271-->[com.google.firebase:firebase-installations:18.0.0] AndroidManifest.xml:19:17-127
272                android:value="com.google.firebase.components.ComponentRegistrar" />
272-->[com.google.firebase:firebase-installations:18.0.0] AndroidManifest.xml:20:17-82
273            <meta-data
273-->[com.google.firebase:firebase-common-ktx:21.0.0] AndroidManifest.xml:12:13-14:85
274                android:name="com.google.firebase.components:com.google.firebase.ktx.FirebaseCommonLegacyRegistrar"
274-->[com.google.firebase:firebase-common-ktx:21.0.0] AndroidManifest.xml:13:17-116
275                android:value="com.google.firebase.components.ComponentRegistrar" />
275-->[com.google.firebase:firebase-common-ktx:21.0.0] AndroidManifest.xml:14:17-82
276            <meta-data
276-->[com.google.firebase:firebase-common:21.0.0] AndroidManifest.xml:35:13-37:85
277                android:name="com.google.firebase.components:com.google.firebase.FirebaseCommonKtxRegistrar"
277-->[com.google.firebase:firebase-common:21.0.0] AndroidManifest.xml:36:17-109
278                android:value="com.google.firebase.components.ComponentRegistrar" />
278-->[com.google.firebase:firebase-common:21.0.0] AndroidManifest.xml:37:17-82
279            <meta-data
279-->[com.google.firebase:firebase-datatransport:18.2.0] AndroidManifest.xml:25:13-27:85
280                android:name="com.google.firebase.components:com.google.firebase.datatransport.TransportRegistrar"
280-->[com.google.firebase:firebase-datatransport:18.2.0] AndroidManifest.xml:26:17-115
281                android:value="com.google.firebase.components.ComponentRegistrar" />
281-->[com.google.firebase:firebase-datatransport:18.2.0] AndroidManifest.xml:27:17-82
282        </service>
283
284        <receiver
284-->[com.google.firebase:firebase-messaging:24.0.3] AndroidManifest.xml:29:9-40:20
285            android:name="com.google.firebase.iid.FirebaseInstanceIdReceiver"
285-->[com.google.firebase:firebase-messaging:24.0.3] AndroidManifest.xml:30:13-78
286            android:exported="true"
286-->[com.google.firebase:firebase-messaging:24.0.3] AndroidManifest.xml:31:13-36
287            android:permission="com.google.android.c2dm.permission.SEND" >
287-->[com.google.firebase:firebase-messaging:24.0.3] AndroidManifest.xml:32:13-73
288            <intent-filter>
288-->[com.google.firebase:firebase-messaging:24.0.3] AndroidManifest.xml:33:13-35:29
289                <action android:name="com.google.android.c2dm.intent.RECEIVE" />
289-->[com.google.firebase:firebase-messaging:24.0.3] AndroidManifest.xml:34:17-81
289-->[com.google.firebase:firebase-messaging:24.0.3] AndroidManifest.xml:34:25-78
290            </intent-filter>
291
292            <meta-data
292-->[com.google.firebase:firebase-messaging:24.0.3] AndroidManifest.xml:37:13-39:40
293                android:name="com.google.android.gms.cloudmessaging.FINISHED_AFTER_HANDLED"
293-->[com.google.firebase:firebase-messaging:24.0.3] AndroidManifest.xml:38:17-92
294                android:value="true" />